<?xml version="1.0" encoding="UTF-8"?>
<!-- Generated by org.testng.reporters.JUnitReportReporter -->
<testsuite hostname="DESKTOP-H9VL2FR" failures="0" tests="1" name="Tests.POSTRestAssured" time="0.708" errors="0" timestamp="2024-01-06T18:27:16 IST" skipped="0">
  <testcase classname="Tests.POSTRestAssured" name="Post" time="0.708"/>
</testsuite> <!-- Tests.POSTRestAssured -->
